  Board.cpp
D:\Facultate\C++\Battleship3.1\Battleship_Game\Board.cpp(3,226): warning C4244: 'initializing': conversion from 'double' to 'const int', possible loss of data
D:\Facultate\C++\Battleship3.1\Battleship_Game\Board.cpp(12,43): warning C4244: 'argument': conversion from 'const int' to 'float', possible loss of data
D:\Facultate\C++\Battleship3.1\Battleship_Game\Board.cpp(12,27): warning C4244: 'argument': conversion from 'const int' to 'float', possible loss of data
D:\Facultate\C++\Battleship3.1\Battleship_Game\Board.cpp(47,35): warning C4244: 'argument': conversion from 'const int' to 'float', possible loss of data
D:\Facultate\C++\Battleship3.1\Battleship_Game\Board.cpp(47,23): warning C4244: 'argument': conversion from 'const int' to 'float', possible loss of data
D:\Facultate\C++\Battleship3.1\Battleship_Game\Board.cpp(49,14): warning C4244: '=': conversion from 'const int' to 'T', possible loss of data
          with
          [
              T=float
          ]
D:\Facultate\C++\Battleship3.1\Battleship_Game\Board.cpp(50,13): warning C4244: '=': conversion from 'const int' to 'T', possible loss of data
          with
          [
              T=float
          ]
D:\Facultate\C++\Battleship3.1\Battleship_Game\Board.cpp(51,15): warning C4244: '=': conversion from 'const int' to 'T', possible loss of data
          with
          [
              T=float
          ]
D:\Facultate\C++\Battleship3.1\Battleship_Game\Board.cpp(102,4): warning C4244: 'argument': conversion from 'int' to 'T', possible loss of data
          with
          [
              T=float
          ]
D:\Facultate\C++\Battleship3.1\Battleship_Game\Board.cpp(101,51): warning C4244: 'argument': conversion from 'int' to 'T', possible loss of data
          with
          [
              T=float
          ]
D:\Facultate\C++\Battleship3.1\Battleship_Game\Board.cpp(102,48): warning C4244: 'argument': conversion from 'const int' to 'T', possible loss of data
          with
          [
              T=float
          ]
D:\Facultate\C++\Battleship3.1\Battleship_Game\Board.cpp(102,35): warning C4244: 'argument': conversion from 'const int' to 'T', possible loss of data
          with
          [
              T=float
          ]
  Boat.cpp
D:\Facultate\C++\Battleship3.1\Battleship_Game\Boat.cpp(52,30): warning C4244: 'argument': conversion from 'const int' to 'float', possible loss of data
D:\Facultate\C++\Battleship3.1\Battleship_Game\Boat.cpp(68,81): warning C4244: 'argument': conversion from 'T' to 'T', possible loss of data
          with
          [
              T=int
          ]
          and
          [
              T=float
          ]
D:\Facultate\C++\Battleship3.1\Battleship_Game\Boat.cpp(68,63): warning C4244: 'argument': conversion from 'T' to 'T', possible loss of data
          with
          [
              T=int
          ]
          and
          [
              T=float
          ]
D:\Facultate\C++\Battleship3.1\Battleship_Game\Boat.cpp(87,81): warning C4244: 'argument': conversion from 'T' to 'T', possible loss of data
          with
          [
              T=int
          ]
          and
          [
              T=float
          ]
D:\Facultate\C++\Battleship3.1\Battleship_Game\Boat.cpp(87,63): warning C4244: 'argument': conversion from 'T' to 'T', possible loss of data
          with
          [
              T=int
          ]
          and
          [
              T=float
          ]
D:\Facultate\C++\Battleship3.1\Battleship_Game\Boat.cpp(90,31): warning C4244: 'argument': conversion from 'const int' to 'float', possible loss of data
D:\Facultate\C++\Battleship3.1\Battleship_Game\Boat.cpp(92,86): warning C4244: 'argument': conversion from 'T' to 'T', possible loss of data
          with
          [
              T=int
          ]
          and
          [
              T=float
          ]
D:\Facultate\C++\Battleship3.1\Battleship_Game\Boat.cpp(92,68): warning C4244: 'argument': conversion from 'T' to 'T', possible loss of data
          with
          [
              T=int
          ]
          and
          [
              T=float
          ]
D:\Facultate\C++\Battleship3.1\Battleship_Game\Boat.cpp(94,31): warning C4244: 'argument': conversion from 'const int' to 'float', possible loss of data
D:\Facultate\C++\Battleship3.1\Battleship_Game\Boat.cpp(101,79): warning C4244: 'argument': conversion from 'T' to 'float', possible loss of data
          with
          [
              T=int
          ]
D:\Facultate\C++\Battleship3.1\Battleship_Game\Boat.cpp(101,48): warning C4244: 'argument': conversion from 'T' to 'float', possible loss of data
          with
          [
              T=int
          ]
D:\Facultate\C++\Battleship3.1\Battleship_Game\Boat.cpp(127,36): warning C4244: 'argument': conversion from 'const int' to 'float', possible loss of data
D:\Facultate\C++\Battleship3.1\Battleship_Game\Boat.cpp(127,25): warning C4244: 'argument': conversion from 'const int' to 'float', possible loss of data
D:\Facultate\C++\Battleship3.1\Battleship_Game\Boat.cpp(133,36): warning C4244: 'argument': conversion from 'const int' to 'float', possible loss of data
D:\Facultate\C++\Battleship3.1\Battleship_Game\Boat.cpp(133,25): warning C4244: 'argument': conversion from 'const int' to 'float', possible loss of data
D:\Facultate\C++\Battleship3.1\Battleship_Game\Boat.cpp(139,35): warning C4244: 'argument': conversion from 'const int' to 'float', possible loss of data
D:\Facultate\C++\Battleship3.1\Battleship_Game\Boat.cpp(139,24): warning C4244: 'argument': conversion from 'const int' to 'float', possible loss of data
  Computer.cpp
D:\Facultate\C++\Battleship3.1\Battleship_Game\Computer.cpp(194,28): warning C4244: 'argument': conversion from 'int' to 'T', possible loss of data
          with
          [
              T=float
          ]
D:\Facultate\C++\Battleship3.1\Battleship_Game\Computer.cpp(193,83): warning C4244: 'argument': conversion from 'int' to 'T', possible loss of data
          with
          [
              T=float
          ]
D:\Facultate\C++\Battleship3.1\Battleship_Game\Computer.cpp(194,60): warning C4244: 'argument': conversion from 'const int' to 'T', possible loss of data
          with
          [
              T=float
          ]
D:\Facultate\C++\Battleship3.1\Battleship_Game\Computer.cpp(194,47): warning C4244: 'argument': conversion from 'const int' to 'T', possible loss of data
          with
          [
              T=float
          ]
D:\Facultate\C++\Battleship3.1\Battleship_Game\Computer.cpp(222,97): warning C4244: 'argument': conversion from 'T' to 'T', possible loss of data
          with
          [
              T=int
          ]
          and
          [
              T=float
          ]
D:\Facultate\C++\Battleship3.1\Battleship_Game\Computer.cpp(222,66): warning C4244: 'argument': conversion from 'T' to 'T', possible loss of data
          with
          [
              T=int
          ]
          and
          [
              T=float
          ]
  Game.cpp
  Main.cpp
D:\Facultate\C++\Battleship3.1\Battleship_Game\Main.cpp(10,17): warning C4244: 'argument': conversion from 'time_t' to 'unsigned int', possible loss of data
  Generating Code...
D:\Facultate\C++\Battleship3.1\Battleship_Game\Computer.cpp(155): warning C4715: 'computerBoard::checkCase': not all control paths return a value
D:\Facultate\C++\Battleship3.1\Battleship_Game\Boat.cpp(123): warning C4715: 'Boat::getBoatPosition': not all control paths return a value
D:\Facultate\C++\Battleship3.1\Battleship_Game\Board.cpp(351): warning C4715: 'Board::checkComputerChoice': not all control paths return a value
Board.obj : error LNK2001: unresolved external symbol "public: static class sf::RenderStates const sf::RenderStates::Default" (?Default@RenderStates@sf@@2V12@B)
Boat.obj : error LNK2001: unresolved external symbol "public: static class sf::RenderStates const sf::RenderStates::Default" (?Default@RenderStates@sf@@2V12@B)
Computer.obj : error LNK2001: unresolved external symbol "public: static class sf::RenderStates const sf::RenderStates::Default" (?Default@RenderStates@sf@@2V12@B)
Board.obj : error LNK2001: unresolved external symbol "public: static class sf::Color const sf::Color::Red" (?Red@Color@sf@@2V12@B)
Computer.obj : error LNK2001: unresolved external symbol "public: static class sf::Color const sf::Color::Blue" (?Blue@Color@sf@@2V12@B)
Main.obj : error LNK2001: unresolved external symbol "public: static class sf::Color const sf::Color::White" (?White@Color@sf@@2V12@B)
D:\Facultate\C++\Battleship3.1\Battleship_Game\x64\Debug\Battleship_Game.exe : fatal error LNK1120: 4 unresolved externals
